Core(error): tcp_connect(), unable to connect to 172.30.40.149
Core(error): tcp_connect(), unable to connect to 172.30.40.149
Core(warning): Certificate received from server is NOT trusted by this system, an exception has been added by the user to trust this specific certificate.
Failed to initialize NLA, do you have correct Kerberos TGT initialized ?
Core(warning): Certificate received from server is NOT trusted by this system, an exception has been added by the user to trust this specific certificate.
Connection established using SSL.
Protocol(warning): process_pdu_logon(), Unhandled login infotype 1
Clipboard(error): xclip_handle_SelectionNotify(), unable to find a textual target to satisfy RDP clipboard text request
Clipboard(warning): xclip_handle_SelectionRequest(), overlapping clipboard request, skipping.
Clipboard(warning): xclip_handle_SelectionRequest(), overlapping clipboard request, skipping.
Clipboard(warning): xclip_handle_SelectionRequest(), overlapping clipboard request, skipping.
Clipboard(warning): xclip_handle_SelectionRequest(), overlapping clipboard request, skipping.
Clipboard(warning): xclip_handle_SelectionRequest(), unsupported target format, target='COMPOUND_TEXT'
Clipboard(warning): xclip_handle_SelectionRequest(), overlapping clipboard request, skipping.
Clipboard(warning): xclip_handle_SelectionRequest(), overlapping clipboard request, skipping.
Clipboard(warning): xclip_handle_SelectionRequest(), overlapping clipboard request, skipping.
Clipboard(warning): xclip_handle_SelectionRequest(), overlapping clipboard request, skipping.
Clipboard(warning): xclip_handle_SelectionRequest(), overlapping clipboard request, skipping.
Clipboard(warning): xclip_handle_SelectionRequest(), unsupported target format, target='COMPOUND_TEXT'
Clipboard(warning): xclip_handle_SelectionRequest(), overlapping clipboard request, skipping.
Clipboard(warning): xclip_handle_SelectionRequest(), overlapping clipboard request, skipping.
Clipboard(warning): xclip_handle_SelectionRequest(), overlapping clipboard request, skipping.
Clipboard(warning): xclip_handle_SelectionRequest(), overlapping clipboard request, skipping.
Clipboard(warning): xclip_handle_SelectionRequest(), overlapping clipboard request, skipping.
Clipboard(warning): xclip_handle_SelectionRequest(), overlapping clipboard request, skipping.
Clipboard(error): xclip_handle_SelectionNotify(), unable to find a textual target to satisfy RDP clipboard text request
Clipboard(warning): xclip_handle_SelectionRequest(), overlapping clipboard request, skipping.
Clipboard(warning): xclip_handle_SelectionRequest(), overlapping clipboard request, skipping.
Clipboard(warning): xclip_handle_SelectionRequest(), overlapping clipboard request, skipping.
Clipboard(warning): xclip_handle_SelectionRequest(), unsupported target format, target='text/plain;charset=utf-8'
Clipboard(warning): xclip_handle_SelectionRequest(), overlapping clipboard request, skipping.
Clipboard(warning): xclip_handle_SelectionRequest(), overlapping clipboard request, skipping.
Clipboard(warning): xclip_handle_SelectionRequest(), overlapping clipboard request, skipping.
Clipboard(warning): xclip_handle_SelectionRequest(), unsupported target format, target='text/plain;charset=utf-8'
Clipboard(warning): xclip_handle_SelectionRequest(), overlapping clipboard request, skipping.
Clipboard(warning): xclip_handle_SelectionRequest(), overlapping clipboard request, skipping.
Clipboard(warning): xclip_handle_SelectionRequest(), overlapping clipboard request, skipping.
Clipboard(warning): xclip_handle_SelectionRequest(), unsupported target format, target='text/plain;charset=utf-8'
Clipboard(warning): xclip_handle_SelectionRequest(), overlapping clipboard request, skipping.
Clipboard(warning): xclip_handle_SelectionRequest(), overlapping clipboard request, skipping.
Clipboard(warning): xclip_handle_SelectionRequest(), overlapping clipboard request, skipping.
Clipboard(warning): xclip_handle_SelectionRequest(), overlapping clipboard request, skipping.
Clipboard(warning): xclip_handle_SelectionRequest(), unsupported target format, target='text/plain;charset=utf-8'
Clipboard(warning): xclip_handle_SelectionRequest(), overlapping clipboard request, skipping.
Clipboard(warning): xclip_handle_SelectionRequest(), overlapping clipboard request, skipping.
Clipboard(warning): xclip_handle_SelectionRequest(), overlapping clipboard request, skipping.
Clipboard(warning): xclip_handle_SelectionRequest(), overlapping clipboard request, skipping.
Clipboard(warning): xclip_handle_SelectionRequest(), overlapping clipboard request, skipping.
Clipboard(warning): xclip_handle_SelectionRequest(), unsupported target format, target='text/plain;charset=utf-8'
Clipboard(error): xclip_handle_SelectionNotify(), unable to find a textual target to satisfy RDP clipboard text request
Clipboard(warning): xclip_handle_SelectionRequest(), overlapping clipboard request, skipping.
Clipboard(warning): xclip_handle_SelectionRequest(), unsupported target format, target='COMPOUND_TEXT'
Clipboard(warning): xclip_handle_SelectionRequest(), unsupported target format, target='text/plain;charset=utf-8'
Clipboard(error): xclip_handle_SelectionNotify(), unable to find a textual target to satisfy RDP clipboard text request
Clipboard(warning): xclip_handle_SelectionRequest(), overlapping clipboard request, skipping.
Clipboard(warning): xclip_handle_SelectionRequest(), overlapping clipboard request, skipping.
Clipboard(warning): xclip_handle_SelectionRequest(), overlapping clipboard request, skipping.
Clipboard(warning): xclip_handle_SelectionRequest(), overlapping clipboard request, skipping.
Clipboard(error): xclip_handle_SelectionNotify(), unable to find a textual target to satisfy RDP clipboard text request
Clipboard(warning): xclip_handle_SelectionRequest(), overlapping clipboard request, skipping.
Clipboard(warning): xclip_handle_SelectionRequest(), unsupported target format, target='COMPOUND_TEXT'
Clipboard(warning): xclip_handle_SelectionRequest(), overlapping clipboard request, skipping.
Clipboard(warning): xclip_handle_SelectionRequest(), overlapping clipboard request, skipping.
Clipboard(warning): xclip_handle_SelectionRequest(), unsupported target format, target='text/plain;charset=utf-8'
Clipboard(warning): xclip_handle_SelectionRequest(), unsupported target format, target='text/plain;charset=utf-8'
Clipboard(error): xclip_handle_SelectionNotify(), unable to find a textual target to satisfy RDP clipboard text request
Clipboard(warning): xclip_handle_SelectionRequest(), overlapping clipboard request, skipping.
Clipboard(warning): xclip_handle_SelectionRequest(), unsupported target format, target='COMPOUND_TEXT'
Clipboard(warning): xclip_handle_SelectionRequest(), unsupported target format, target='text/plain;charset=utf-8'
Clipboard(warning): xclip_handle_SelectionRequest(), unsupported target format, target='text/plain;charset=utf-8'
Clipboard(error): xclip_handle_SelectionNotify(), unable to find a textual target to satisfy RDP clipboard text request
Clipboard(warning): xclip_handle_SelectionRequest(), overlapping clipboard request, skipping.
Clipboard(warning): xclip_handle_SelectionRequest(), overlapping clipboard request, skipping.
Clipboard(warning): xclip_handle_SelectionRequest(), overlapping clipboard request, skipping.
Clipboard(warning): xclip_handle_SelectionRequest(), unsupported target format, target='text/plain;charset=utf-8'
Clipboard(error): xclip_handle_SelectionNotify(), unable to find a textual target to satisfy RDP clipboard text request
Clipboard(warning): xclip_handle_SelectionRequest(), overlapping clipboard request, skipping.
Clipboard(warning): xclip_handle_SelectionRequest(), overlapping clipboard request, skipping.
Clipboard(warning): xclip_handle_SelectionRequest(), overlapping clipboard request, skipping.
Clipboard(warning): xclip_handle_SelectionRequest(), overlapping clipboard request, skipping.
Clipboard(warning): xclip_handle_SelectionRequest(), overlapping clipboard request, skipping.
Clipboard(warning): xclip_handle_SelectionRequest(), overlapping clipboard request, skipping.
Clipboard(warning): xclip_handle_SelectionRequest(), overlapping clipboard request, skipping.
Clipboard(warning): xclip_handle_SelectionRequest(), overlapping clipboard request, skipping.
Clipboard(warning): xclip_handle_SelectionRequest(), overlapping clipboard request, skipping.
Clipboard(warning): xclip_handle_SelectionRequest(), overlapping clipboard request, skipping.
Clipboard(warning): xclip_handle_SelectionRequest(), overlapping clipboard request, skipping.
Clipboard(warning): xclip_handle_SelectionRequest(), overlapping clipboard request, skipping.
Clipboard(warning): xclip_handle_SelectionRequest(), overlapping clipboard request, skipping.
Clipboard(warning): xclip_handle_SelectionRequest(), overlapping clipboard request, skipping.
Clipboard(warning): xclip_handle_SelectionRequest(), overlapping clipboard request, skipping.
Clipboard(warning): xclip_handle_SelectionRequest(), overlapping clipboard request, skipping.
Clipboard(warning): xclip_handle_SelectionRequest(), overlapping clipboard request, skipping.
Clipboard(warning): xclip_handle_SelectionRequest(), overlapping clipboard request, skipping.
Clipboard(warning): xclip_handle_SelectionRequest(), overlapping clipboard request, skipping.
Clipboard(warning): xclip_handle_SelectionRequest(), overlapping clipboard request, skipping.
Clipboard(warning): xclip_handle_SelectionRequest(), overlapping clipboard request, skipping.
Clipboard(warning): xclip_handle_SelectionRequest(), overlapping clipboard request, skipping.
Clipboard(warning): xclip_handle_SelectionRequest(), overlapping clipboard request, skipping.
Clipboard(warning): xclip_handle_SelectionRequest(), overlapping clipboard request, skipping.
Clipboard(warning): xclip_handle_SelectionRequest(), overlapping clipboard request, skipping.
Clipboard(warning): xclip_handle_SelectionRequest(), overlapping clipboard request, skipping.
Clipboard(warning): xclip_handle_SelectionRequest(), overlapping clipboard request, skipping.
Clipboard(warning): xclip_handle_SelectionRequest(), overlapping clipboard request, skipping.
Clipboard(warning): xclip_handle_SelectionRequest(), overlapping clipboard request, skipping.
Clipboard(warning): xclip_handle_SelectionRequest(), overlapping clipboard request, skipping.
Clipboard(warning): xclip_handle_SelectionRequest(), overlapping clipboard request, skipping.
Clipboard(warning): xclip_handle_SelectionRequest(), overlapping clipboard request, skipping.
Clipboard(warning): xclip_handle_SelectionRequest(), overlapping clipboard request, skipping.
Clipboard(warning): xclip_handle_SelectionRequest(), overlapping clipboard request, skipping.
Clipboard(warning): xclip_handle_SelectionRequest(), overlapping clipboard request, skipping.
Clipboard(warning): xclip_handle_SelectionRequest(), overlapping clipboard request, skipping.
Clipboard(warning): xclip_handle_SelectionRequest(), overlapping clipboard request, skipping.
Clipboard(warning): xclip_handle_SelectionRequest(), overlapping clipboard request, skipping.
Clipboard(warning): xclip_handle_SelectionRequest(), overlapping clipboard request, skipping.
Clipboard(warning): xclip_handle_SelectionRequest(), overlapping clipboard request, skipping.
Clipboard(warning): xclip_handle_SelectionRequest(), overlapping clipboard request, skipping.
Clipboard(warning): xclip_handle_SelectionRequest(), overlapping clipboard request, skipping.
Clipboard(warning): xclip_handle_SelectionRequest(), overlapping clipboard request, skipping.
Clipboard(error): xclip_handle_SelectionNotify(), unable to find a textual target to satisfy RDP clipboard text request
Clipboard(warning): failed to acquire ownership of PRIMARY clipboard
Clipboard(warning): failed to acquire ownership of CLIPBOARD clipboard
Clipboard(warning): xclip_handle_SelectionRequest(), overlapping clipboard request, skipping.
Clipboard(warning): xclip_handle_SelectionRequest(), overlapping clipboard request, skipping.
Clipboard(warning): xclip_handle_SelectionRequest(), unsupported target format, target='text/plain;charset=utf-8'
Clipboard(warning): xclip_handle_SelectionRequest(), unsupported target format, target='text/plain;charset=utf-8'
Clipboard(warning): xclip_handle_SelectionRequest(), overlapping clipboard request, skipping.
Clipboard(warning): xclip_handle_SelectionRequest(), overlapping clipboard request, skipping.
Clipboard(warning): xclip_handle_SelectionRequest(), overlapping clipboard request, skipping.
Clipboard(warning): xclip_handle_SelectionRequest(), overlapping clipboard request, skipping.
Clipboard(warning): xclip_handle_SelectionRequest(), overlapping clipboard request, skipping.
Clipboard(warning): xclip_handle_SelectionRequest(), overlapping clipboard request, skipping.
Clipboard(error): xclip_handle_SelectionNotify(), unable to find a textual target to satisfy RDP clipboard text request
Clipboard(warning): xclip_handle_SelectionRequest(), overlapping clipboard request, skipping.
Clipboard(warning): xclip_handle_SelectionRequest(), overlapping clipboard request, skipping.
Clipboard(warning): xclip_handle_SelectionRequest(), overlapping clipboard request, skipping.
Clipboard(warning): xclip_handle_SelectionRequest(), unsupported target format, target='text/plain;charset=utf-8'
Clipboard(error): xclip_handle_SelectionNotify(), unable to find a textual target to satisfy RDP clipboard text request
Clipboard(warning): xclip_handle_SelectionRequest(), overlapping clipboard request, skipping.
Clipboard(warning): xclip_handle_SelectionRequest(), unsupported target format, target='COMPOUND_TEXT'
Clipboard(warning): xclip_handle_SelectionRequest(), overlapping clipboard request, skipping.
Clipboard(warning): xclip_handle_SelectionRequest(), overlapping clipboard request, skipping.
Clipboard(warning): xclip_handle_SelectionRequest(), overlapping clipboard request, skipping.
Clipboard(warning): xclip_handle_SelectionRequest(), unsupported target format, target='text/plain;charset=utf-8'
Clipboard(error): xclip_handle_SelectionNotify(), unable to find a textual target to satisfy RDP clipboard text request
